18-08-07 09:20:10,870 [main] Logfile closed: E:\SpringWS\GlobalTx\.\tmlog-1.log
18-08-07 09:20:15,176 [main] Logfile closed: E:\SpringWS\GlobalTx\.\tmlog0.log
18-08-07 09:22:26,846 [main] Starting read of logfile E:\SpringWS\GlobalTx\.\tmlog0.log
18-08-07 09:22:26,862 [main] Done read of logfile
18-08-07 09:22:26,862 [main] Logfile closed: E:\SpringWS\GlobalTx\.\tmlog0.log
18-08-07 09:25:31,338 [main] Starting read of logfile E:\SpringWS\GlobalTx\.\tmlog1.log
18-08-07 09:25:31,338 [main] Done read of logfile
18-08-07 09:25:31,338 [main] Logfile closed: E:\SpringWS\GlobalTx\.\tmlog1.log
18-08-07 09:26:53,829 [main] Starting read of logfile E:\SpringWS\GlobalTx\.\tmlog2.log
18-08-07 09:26:53,829 [main] Done read of logfile
18-08-07 09:26:53,829 [main] Logfile closed: E:\SpringWS\GlobalTx\.\tmlog2.log
18-08-07 09:27:15,556 [main] Starting read of logfile E:\SpringWS\GlobalTx\.\tmlog3.log
18-08-07 09:27:15,556 [main] Done read of logfile
18-08-07 09:27:15,556 [main] Logfile closed: E:\SpringWS\GlobalTx\.\tmlog3.log
18-08-07 09:27:16,289 [main] XAConnectionFactory: failed to create pooled connection - DBMS down or unreachable?
java.sql.SQLException: Illegal connection port value '3306:test'
	at com.mysql.jdbc.SQLError.createSQLException(SQLError.java:1055)
	at com.mysql.jdbc.SQLError.createSQLException(SQLError.java:956)
	at com.mysql.jdbc.SQLError.createSQLException(SQLError.java:926)
	at com.mysql.jdbc.ConnectionImpl.createNewIO(ConnectionImpl.java:2018)
	at com.mysql.jdbc.ConnectionImpl.<init>(ConnectionImpl.java:718)
	at com.mysql.jdbc.JDBC4Connection.<init>(JDBC4Connection.java:46)
	at sun.reflect.NativeConstructorAccessorImpl.newInstance0(Native Method)
	at sun.reflect.NativeConstructorAccessorImpl.newInstance(NativeConstructorAccessorImpl.java:62)
	at sun.reflect.DelegatingConstructorAccessorImpl.newInstance(DelegatingConstructorAccessorImpl.java:45)
	at java.lang.reflect.Constructor.newInstance(Constructor.java:423)
	at com.mysql.jdbc.Util.handleNewInstance(Util.java:406)
	at com.mysql.jdbc.ConnectionImpl.getInstance(ConnectionImpl.java:302)
	at com.mysql.jdbc.NonRegisteringDriver.connect(NonRegisteringDriver.java:282)
	at com.mysql.jdbc.jdbc2.optional.MysqlDataSource.getConnection(MysqlDataSource.java:422)
	at com.mysql.jdbc.jdbc2.optional.MysqlDataSource.getConnection(MysqlDataSource.java:137)
	at com.mysql.jdbc.jdbc2.optional.MysqlDataSource.getConnection(MysqlDataSource.java:107)
	at com.mysql.jdbc.jdbc2.optional.MysqlXADataSource.getXAConnection(MysqlXADataSource.java:47)
	at com.atomikos.jdbc.AtomikosXAConnectionFactory.createPooledConnection(AtomikosXAConnectionFactory.java:60)
	at com.atomikos.datasource.pool.ConnectionPool.growPool(ConnectionPool.java:190)
	at com.atomikos.datasource.pool.ConnectionPool.borrowConnection(ConnectionPool.java:143)
	at com.atomikos.jdbc.AbstractDataSourceBean.getConnection(AbstractDataSourceBean.java:321)
	at com.atomikos.jdbc.AbstractDataSourceBean.getConnection(AbstractDataSourceBean.java:373)
	at org.springframework.jdbc.datasource.DataSourceUtils.doGetConnection(DataSourceUtils.java:111)
	at org.springframework.jdbc.datasource.DataSourceUtils.getConnection(DataSourceUtils.java:77)
	at org.springframework.jdbc.core.JdbcTemplate.execute(JdbcTemplate.java:619)
	at org.springframework.jdbc.core.JdbcTemplate.query(JdbcTemplate.java:684)
	at org.springframework.jdbc.core.JdbcTemplate.query(JdbcTemplate.java:716)
	at org.springframework.jdbc.core.JdbcTemplate.query(JdbcTemplate.java:726)
	at org.springframework.jdbc.core.JdbcTemplate.queryForObject(JdbcTemplate.java:794)
	at org.springframework.jdbc.core.JdbcTemplate.queryForObject(JdbcTemplate.java:813)
	at com.spring.pack1.AccountImpl.transferMoney(AccountImpl.java:27)
	at sun.reflect.NativeMethodAccessorImpl.invoke0(Native Method)
	at sun.reflect.NativeMethodAccessorImpl.invoke(NativeMethodAccessorImpl.java:62)
	at sun.reflect.DelegatingMethodAccessorImpl.invoke(DelegatingMethodAccessorImpl.java:43)
	at java.lang.reflect.Method.invoke(Method.java:498)
	at org.springframework.aop.support.AopUtils.invokeJoinpointUsingReflection(AopUtils.java:302)
	at org.springframework.aop.framework.ReflectiveMethodInvocation.invokeJoinpoint(ReflectiveMethodInvocation.java:190)
	at org.springframework.aop.framework.ReflectiveMethodInvocation.proceed(ReflectiveMethodInvocation.java:157)
	at org.springframework.transaction.interceptor.TransactionInterceptor$1.proceedWithInvocation(TransactionInterceptor.java:99)
	at org.springframework.transaction.interceptor.TransactionAspectSupport.invokeWithinTransaction(TransactionAspectSupport.java:282)
	at org.springframework.transaction.interceptor.TransactionInterceptor.invoke(TransactionInterceptor.java:96)
	at org.springframework.aop.framework.ReflectiveMethodInvocation.proceed(ReflectiveMethodInvocation.java:179)
	at org.springframework.aop.framework.JdkDynamicAopProxy.invoke(JdkDynamicAopProxy.java:208)
	at com.sun.proxy.$Proxy12.transferMoney(Unknown Source)
	at com.spring.pack1.Main.main(Main.java:14)
18-08-07 09:27:16,289 [main] Failed to grow the connection pool
com.atomikos.datasource.pool.CreateConnectionException: XAConnectionFactory: failed to create pooled connection - DBMS down or unreachable?
	at com.atomikos.jdbc.AtomikosXAConnectionFactory.createPooledConnection(AtomikosXAConnectionFactory.java:65)
	at com.atomikos.datasource.pool.ConnectionPool.growPool(ConnectionPool.java:190)
	at com.atomikos.datasource.pool.ConnectionPool.borrowConnection(ConnectionPool.java:143)
	at com.atomikos.jdbc.AbstractDataSourceBean.getConnection(AbstractDataSourceBean.java:321)
	at com.atomikos.jdbc.AbstractDataSourceBean.getConnection(AbstractDataSourceBean.java:373)
	at org.springframework.jdbc.datasource.DataSourceUtils.doGetConnection(DataSourceUtils.java:111)
	at org.springframework.jdbc.datasource.DataSourceUtils.getConnection(DataSourceUtils.java:77)
	at org.springframework.jdbc.core.JdbcTemplate.execute(JdbcTemplate.java:619)
	at org.springframework.jdbc.core.JdbcTemplate.query(JdbcTemplate.java:684)
	at org.springframework.jdbc.core.JdbcTemplate.query(JdbcTemplate.java:716)
	at org.springframework.jdbc.core.JdbcTemplate.query(JdbcTemplate.java:726)
	at org.springframework.jdbc.core.JdbcTemplate.queryForObject(JdbcTemplate.java:794)
	at org.springframework.jdbc.core.JdbcTemplate.queryForObject(JdbcTemplate.java:813)
	at com.spring.pack1.AccountImpl.transferMoney(AccountImpl.java:27)
	at sun.reflect.NativeMethodAccessorImpl.invoke0(Native Method)
	at sun.reflect.NativeMethodAccessorImpl.invoke(NativeMethodAccessorImpl.java:62)
	at sun.reflect.DelegatingMethodAccessorImpl.invoke(DelegatingMethodAccessorImpl.java:43)
	at java.lang.reflect.Method.invoke(Method.java:498)
	at org.springframework.aop.support.AopUtils.invokeJoinpointUsingReflection(AopUtils.java:302)
	at org.springframework.aop.framework.ReflectiveMethodInvocation.invokeJoinpoint(ReflectiveMethodInvocation.java:190)
	at org.springframework.aop.framework.ReflectiveMethodInvocation.proceed(ReflectiveMethodInvocation.java:157)
	at org.springframework.transaction.interceptor.TransactionInterceptor$1.proceedWithInvocation(TransactionInterceptor.java:99)
	at org.springframework.transaction.interceptor.TransactionAspectSupport.invokeWithinTransaction(TransactionAspectSupport.java:282)
	at org.springframework.transaction.interceptor.TransactionInterceptor.invoke(TransactionInterceptor.java:96)
	at org.springframework.aop.framework.ReflectiveMethodInvocation.proceed(ReflectiveMethodInvocation.java:179)
	at org.springframework.aop.framework.JdkDynamicAopProxy.invoke(JdkDynamicAopProxy.java:208)
	at com.sun.proxy.$Proxy12.transferMoney(Unknown Source)
	at com.spring.pack1.Main.main(Main.java:14)
Caused by: java.sql.SQLException: Illegal connection port value '3306:test'
	at com.mysql.jdbc.SQLError.createSQLException(SQLError.java:1055)
	at com.mysql.jdbc.SQLError.createSQLException(SQLError.java:956)
	at com.mysql.jdbc.SQLError.createSQLException(SQLError.java:926)
	at com.mysql.jdbc.ConnectionImpl.createNewIO(ConnectionImpl.java:2018)
	at com.mysql.jdbc.ConnectionImpl.<init>(ConnectionImpl.java:718)
	at com.mysql.jdbc.JDBC4Connection.<init>(JDBC4Connection.java:46)
	at sun.reflect.NativeConstructorAccessorImpl.newInstance0(Native Method)
	at sun.reflect.NativeConstructorAccessorImpl.newInstance(NativeConstructorAccessorImpl.java:62)
	at sun.reflect.DelegatingConstructorAccessorImpl.newInstance(DelegatingConstructorAccessorImpl.java:45)
	at java.lang.reflect.Constructor.newInstance(Constructor.java:423)
	at com.mysql.jdbc.Util.handleNewInstance(Util.java:406)
	at com.mysql.jdbc.ConnectionImpl.getInstance(ConnectionImpl.java:302)
	at com.mysql.jdbc.NonRegisteringDriver.connect(NonRegisteringDriver.java:282)
	at com.mysql.jdbc.jdbc2.optional.MysqlDataSource.getConnection(MysqlDataSource.java:422)
	at com.mysql.jdbc.jdbc2.optional.MysqlDataSource.getConnection(MysqlDataSource.java:137)
	at com.mysql.jdbc.jdbc2.optional.MysqlDataSource.getConnection(MysqlDataSource.java:107)
	at com.mysql.jdbc.jdbc2.optional.MysqlXADataSource.getXAConnection(MysqlXADataSource.java:47)
	at com.atomikos.jdbc.AtomikosXAConnectionFactory.createPooledConnection(AtomikosXAConnectionFactory.java:60)
	... 27 more
18-08-07 09:28:15,014 [main] Starting read of logfile E:\SpringWS\GlobalTx\.\tmlog4.log
18-08-07 09:28:15,014 [main] Done read of logfile
18-08-07 09:28:15,014 [main] Logfile closed: E:\SpringWS\GlobalTx\.\tmlog4.log
18-08-07 09:28:15,670 [main] XAConnectionFactory: failed to create pooled connection - DBMS down or unreachable?
java.sql.SQLException: Illegal connection port value '3306:test'
	at com.mysql.jdbc.SQLError.createSQLException(SQLError.java:1055)
	at com.mysql.jdbc.SQLError.createSQLException(SQLError.java:956)
	at com.mysql.jdbc.SQLError.createSQLException(SQLError.java:926)
	at com.mysql.jdbc.ConnectionImpl.createNewIO(ConnectionImpl.java:2018)
	at com.mysql.jdbc.ConnectionImpl.<init>(ConnectionImpl.java:718)
	at com.mysql.jdbc.JDBC4Connection.<init>(JDBC4Connection.java:46)
	at sun.reflect.NativeConstructorAccessorImpl.newInstance0(Native Method)
	at sun.reflect.NativeConstructorAccessorImpl.newInstance(NativeConstructorAccessorImpl.java:62)
	at sun.reflect.DelegatingConstructorAccessorImpl.newInstance(DelegatingConstructorAccessorImpl.java:45)
	at java.lang.reflect.Constructor.newInstance(Constructor.java:423)
	at com.mysql.jdbc.Util.handleNewInstance(Util.java:406)
	at com.mysql.jdbc.ConnectionImpl.getInstance(ConnectionImpl.java:302)
	at com.mysql.jdbc.NonRegisteringDriver.connect(NonRegisteringDriver.java:282)
	at com.mysql.jdbc.jdbc2.optional.MysqlDataSource.getConnection(MysqlDataSource.java:422)
	at com.mysql.jdbc.jdbc2.optional.MysqlDataSource.getConnection(MysqlDataSource.java:137)
	at com.mysql.jdbc.jdbc2.optional.MysqlDataSource.getConnection(MysqlDataSource.java:107)
	at com.mysql.jdbc.jdbc2.optional.MysqlXADataSource.getXAConnection(MysqlXADataSource.java:47)
	at com.atomikos.jdbc.AtomikosXAConnectionFactory.createPooledConnection(AtomikosXAConnectionFactory.java:60)
	at com.atomikos.datasource.pool.ConnectionPool.growPool(ConnectionPool.java:190)
	at com.atomikos.datasource.pool.ConnectionPool.borrowConnection(ConnectionPool.java:143)
	at com.atomikos.jdbc.AbstractDataSourceBean.getConnection(AbstractDataSourceBean.java:321)
	at com.atomikos.jdbc.AbstractDataSourceBean.getConnection(AbstractDataSourceBean.java:373)
	at org.springframework.jdbc.datasource.DataSourceUtils.doGetConnection(DataSourceUtils.java:111)
	at org.springframework.jdbc.datasource.DataSourceUtils.getConnection(DataSourceUtils.java:77)
	at org.springframework.jdbc.core.JdbcTemplate.execute(JdbcTemplate.java:619)
	at org.springframework.jdbc.core.JdbcTemplate.query(JdbcTemplate.java:684)
	at org.springframework.jdbc.core.JdbcTemplate.query(JdbcTemplate.java:716)
	at org.springframework.jdbc.core.JdbcTemplate.query(JdbcTemplate.java:726)
	at org.springframework.jdbc.core.JdbcTemplate.queryForObject(JdbcTemplate.java:794)
	at org.springframework.jdbc.core.JdbcTemplate.queryForObject(JdbcTemplate.java:813)
	at com.spring.pack1.AccountImpl.transferMoney(AccountImpl.java:27)
	at sun.reflect.NativeMethodAccessorImpl.invoke0(Native Method)
	at sun.reflect.NativeMethodAccessorImpl.invoke(NativeMethodAccessorImpl.java:62)
	at sun.reflect.DelegatingMethodAccessorImpl.invoke(DelegatingMethodAccessorImpl.java:43)
	at java.lang.reflect.Method.invoke(Method.java:498)
	at org.springframework.aop.support.AopUtils.invokeJoinpointUsingReflection(AopUtils.java:302)
	at org.springframework.aop.framework.ReflectiveMethodInvocation.invokeJoinpoint(ReflectiveMethodInvocation.java:190)
	at org.springframework.aop.framework.ReflectiveMethodInvocation.proceed(ReflectiveMethodInvocation.java:157)
	at org.springframework.transaction.interceptor.TransactionInterceptor$1.proceedWithInvocation(TransactionInterceptor.java:99)
	at org.springframework.transaction.interceptor.TransactionAspectSupport.invokeWithinTransaction(TransactionAspectSupport.java:282)
	at org.springframework.transaction.interceptor.TransactionInterceptor.invoke(TransactionInterceptor.java:96)
	at org.springframework.aop.framework.ReflectiveMethodInvocation.proceed(ReflectiveMethodInvocation.java:179)
	at org.springframework.aop.framework.JdkDynamicAopProxy.invoke(JdkDynamicAopProxy.java:208)
	at com.sun.proxy.$Proxy12.transferMoney(Unknown Source)
	at com.spring.pack1.Main.main(Main.java:14)
18-08-07 09:28:15,685 [main] Failed to grow the connection pool
com.atomikos.datasource.pool.CreateConnectionException: XAConnectionFactory: failed to create pooled connection - DBMS down or unreachable?
	at com.atomikos.jdbc.AtomikosXAConnectionFactory.createPooledConnection(AtomikosXAConnectionFactory.java:65)
	at com.atomikos.datasource.pool.ConnectionPool.growPool(ConnectionPool.java:190)
	at com.atomikos.datasource.pool.ConnectionPool.borrowConnection(ConnectionPool.java:143)
	at com.atomikos.jdbc.AbstractDataSourceBean.getConnection(AbstractDataSourceBean.java:321)
	at com.atomikos.jdbc.AbstractDataSourceBean.getConnection(AbstractDataSourceBean.java:373)
	at org.springframework.jdbc.datasource.DataSourceUtils.doGetConnection(DataSourceUtils.java:111)
	at org.springframework.jdbc.datasource.DataSourceUtils.getConnection(DataSourceUtils.java:77)
	at org.springframework.jdbc.core.JdbcTemplate.execute(JdbcTemplate.java:619)
	at org.springframework.jdbc.core.JdbcTemplate.query(JdbcTemplate.java:684)
	at org.springframework.jdbc.core.JdbcTemplate.query(JdbcTemplate.java:716)
	at org.springframework.jdbc.core.JdbcTemplate.query(JdbcTemplate.java:726)
	at org.springframework.jdbc.core.JdbcTemplate.queryForObject(JdbcTemplate.java:794)
	at org.springframework.jdbc.core.JdbcTemplate.queryForObject(JdbcTemplate.java:813)
	at com.spring.pack1.AccountImpl.transferMoney(AccountImpl.java:27)
	at sun.reflect.NativeMethodAccessorImpl.invoke0(Native Method)
	at sun.reflect.NativeMethodAccessorImpl.invoke(NativeMethodAccessorImpl.java:62)
	at sun.reflect.DelegatingMethodAccessorImpl.invoke(DelegatingMethodAccessorImpl.java:43)
	at java.lang.reflect.Method.invoke(Method.java:498)
	at org.springframework.aop.support.AopUtils.invokeJoinpointUsingReflection(AopUtils.java:302)
	at org.springframework.aop.framework.ReflectiveMethodInvocation.invokeJoinpoint(ReflectiveMethodInvocation.java:190)
	at org.springframework.aop.framework.ReflectiveMethodInvocation.proceed(ReflectiveMethodInvocation.java:157)
	at org.springframework.transaction.interceptor.TransactionInterceptor$1.proceedWithInvocation(TransactionInterceptor.java:99)
	at org.springframework.transaction.interceptor.TransactionAspectSupport.invokeWithinTransaction(TransactionAspectSupport.java:282)
	at org.springframework.transaction.interceptor.TransactionInterceptor.invoke(TransactionInterceptor.java:96)
	at org.springframework.aop.framework.ReflectiveMethodInvocation.proceed(ReflectiveMethodInvocation.java:179)
	at org.springframework.aop.framework.JdkDynamicAopProxy.invoke(JdkDynamicAopProxy.java:208)
	at com.sun.proxy.$Proxy12.transferMoney(Unknown Source)
	at com.spring.pack1.Main.main(Main.java:14)
Caused by: java.sql.SQLException: Illegal connection port value '3306:test'
	at com.mysql.jdbc.SQLError.createSQLException(SQLError.java:1055)
	at com.mysql.jdbc.SQLError.createSQLException(SQLError.java:956)
	at com.mysql.jdbc.SQLError.createSQLException(SQLError.java:926)
	at com.mysql.jdbc.ConnectionImpl.createNewIO(ConnectionImpl.java:2018)
	at com.mysql.jdbc.ConnectionImpl.<init>(ConnectionImpl.java:718)
	at com.mysql.jdbc.JDBC4Connection.<init>(JDBC4Connection.java:46)
	at sun.reflect.NativeConstructorAccessorImpl.newInstance0(Native Method)
	at sun.reflect.NativeConstructorAccessorImpl.newInstance(NativeConstructorAccessorImpl.java:62)
	at sun.reflect.DelegatingConstructorAccessorImpl.newInstance(DelegatingConstructorAccessorImpl.java:45)
	at java.lang.reflect.Constructor.newInstance(Constructor.java:423)
	at com.mysql.jdbc.Util.handleNewInstance(Util.java:406)
	at com.mysql.jdbc.ConnectionImpl.getInstance(ConnectionImpl.java:302)
	at com.mysql.jdbc.NonRegisteringDriver.connect(NonRegisteringDriver.java:282)
	at com.mysql.jdbc.jdbc2.optional.MysqlDataSource.getConnection(MysqlDataSource.java:422)
	at com.mysql.jdbc.jdbc2.optional.MysqlDataSource.getConnection(MysqlDataSource.java:137)
	at com.mysql.jdbc.jdbc2.optional.MysqlDataSource.getConnection(MysqlDataSource.java:107)
	at com.mysql.jdbc.jdbc2.optional.MysqlXADataSource.getXAConnection(MysqlXADataSource.java:47)
	at com.atomikos.jdbc.AtomikosXAConnectionFactory.createPooledConnection(AtomikosXAConnectionFactory.java:60)
	... 27 more
18-08-07 09:30:05,249 [main] Starting read of logfile E:\SpringWS\GlobalTx\.\tmlog5.log
18-08-07 09:30:05,249 [main] Done read of logfile
18-08-07 09:30:05,249 [main] Logfile closed: E:\SpringWS\GlobalTx\.\tmlog5.log
18-08-07 09:30:06,840 [main] Error closing pending statement: 
java.lang.IllegalArgumentException: null source
	at java.util.EventObject.<init>(EventObject.java:56)
	at javax.sql.StatementEvent.<init>(StatementEvent.java:65)
	at com.mysql.jdbc.jdbc2.optional.JDBC4PreparedStatementWrapper.close(JDBC4PreparedStatementWrapper.java:70)
	at com.atomikos.jdbc.AbstractConnectionProxy.forceCloseAllPendingStatements(AbstractConnectionProxy.java:60)
	at com.atomikos.jdbc.AtomikosConnectionProxy.close(AtomikosConnectionProxy.java:221)
	at com.atomikos.jdbc.AtomikosConnectionProxy.invoke(AtomikosConnectionProxy.java:151)
	at com.sun.proxy.$Proxy15.close(Unknown Source)
	at org.springframework.jdbc.datasource.DataSourceUtils.doCloseConnection(DataSourceUtils.java:341)
	at org.springframework.jdbc.datasource.DataSourceUtils.doReleaseConnection(DataSourceUtils.java:328)
	at org.springframework.jdbc.datasource.DataSourceUtils.releaseConnection(DataSourceUtils.java:294)
	at org.springframework.jdbc.datasource.DataSourceUtils$ConnectionSynchronization.beforeCompletion(DataSourceUtils.java:460)
	at org.springframework.transaction.support.TransactionSynchronizationUtils.triggerBeforeCompletion(TransactionSynchronizationUtils.java:106)
	at org.springframework.transaction.support.AbstractPlatformTransactionManager.triggerBeforeCompletion(AbstractPlatformTransactionManager.java:945)
	at org.springframework.transaction.support.AbstractPlatformTransactionManager.processRollback(AbstractPlatformTransactionManager.java:842)
	at org.springframework.transaction.support.AbstractPlatformTransactionManager.rollback(AbstractPlatformTransactionManager.java:830)
	at org.springframework.transaction.interceptor.TransactionAspectSupport.completeTransactionAfterThrowing(TransactionAspectSupport.java:522)
	at org.springframework.transaction.interceptor.TransactionAspectSupport.invokeWithinTransaction(TransactionAspectSupport.java:286)
	at org.springframework.transaction.interceptor.TransactionInterceptor.invoke(TransactionInterceptor.java:96)
	at org.springframework.aop.framework.ReflectiveMethodInvocation.proceed(ReflectiveMethodInvocation.java:179)
	at org.springframework.aop.framework.JdkDynamicAopProxy.invoke(JdkDynamicAopProxy.java:208)
	at com.sun.proxy.$Proxy12.transferMoney(Unknown Source)
	at com.spring.pack1.Main.main(Main.java:14)
18-08-07 09:31:30,119 [main] Starting read of logfile E:\SpringWS\GlobalTx\.\tmlog6.log
18-08-07 09:31:30,119 [main] Done read of logfile
18-08-07 09:31:30,119 [main] Logfile closed: E:\SpringWS\GlobalTx\.\tmlog6.log
18-08-07 09:31:30,805 [main] Error closing pending statement: 
java.lang.IllegalArgumentException: null source
	at java.util.EventObject.<init>(EventObject.java:56)
	at javax.sql.StatementEvent.<init>(StatementEvent.java:65)
	at com.mysql.jdbc.jdbc2.optional.JDBC4PreparedStatementWrapper.close(JDBC4PreparedStatementWrapper.java:70)
	at com.atomikos.jdbc.AbstractConnectionProxy.forceCloseAllPendingStatements(AbstractConnectionProxy.java:60)
	at com.atomikos.jdbc.AtomikosConnectionProxy.close(AtomikosConnectionProxy.java:221)
	at com.atomikos.jdbc.AtomikosConnectionProxy.invoke(AtomikosConnectionProxy.java:151)
	at com.sun.proxy.$Proxy15.close(Unknown Source)
	at org.springframework.jdbc.datasource.DataSourceUtils.doCloseConnection(DataSourceUtils.java:341)
	at org.springframework.jdbc.datasource.DataSourceUtils.doReleaseConnection(DataSourceUtils.java:328)
	at org.springframework.jdbc.datasource.DataSourceUtils.releaseConnection(DataSourceUtils.java:294)
	at org.springframework.jdbc.datasource.DataSourceUtils$ConnectionSynchronization.beforeCompletion(DataSourceUtils.java:460)
	at org.springframework.transaction.support.TransactionSynchronizationUtils.triggerBeforeCompletion(TransactionSynchronizationUtils.java:106)
	at org.springframework.transaction.support.AbstractPlatformTransactionManager.triggerBeforeCompletion(AbstractPlatformTransactionManager.java:945)
	at org.springframework.transaction.support.AbstractPlatformTransactionManager.processRollback(AbstractPlatformTransactionManager.java:842)
	at org.springframework.transaction.support.AbstractPlatformTransactionManager.rollback(AbstractPlatformTransactionManager.java:830)
	at org.springframework.transaction.interceptor.TransactionAspectSupport.completeTransactionAfterThrowing(TransactionAspectSupport.java:522)
	at org.springframework.transaction.interceptor.TransactionAspectSupport.invokeWithinTransaction(TransactionAspectSupport.java:286)
	at org.springframework.transaction.interceptor.TransactionInterceptor.invoke(TransactionInterceptor.java:96)
	at org.springframework.aop.framework.ReflectiveMethodInvocation.proceed(ReflectiveMethodInvocation.java:179)
	at org.springframework.aop.framework.JdkDynamicAopProxy.invoke(JdkDynamicAopProxy.java:208)
	at com.sun.proxy.$Proxy12.transferMoney(Unknown Source)
	at com.spring.pack1.Main.main(Main.java:14)
18-08-07 09:38:59,949 [main] Starting read of logfile E:\SpringWS\GlobalTx\.\tmlog7.log
18-08-07 09:38:59,949 [main] Done read of logfile
18-08-07 09:38:59,949 [main] Logfile closed: E:\SpringWS\GlobalTx\.\tmlog7.log
18-08-07 09:39:07,000 [main] Error closing pending statement: 
java.lang.IllegalArgumentException: null source
	at java.util.EventObject.<init>(EventObject.java:56)
	at javax.sql.StatementEvent.<init>(StatementEvent.java:65)
	at com.mysql.jdbc.jdbc2.optional.JDBC4PreparedStatementWrapper.close(JDBC4PreparedStatementWrapper.java:70)
	at com.atomikos.jdbc.AbstractConnectionProxy.forceCloseAllPendingStatements(AbstractConnectionProxy.java:60)
	at com.atomikos.jdbc.AtomikosConnectionProxy.close(AtomikosConnectionProxy.java:221)
	at com.atomikos.jdbc.AtomikosConnectionProxy.invoke(AtomikosConnectionProxy.java:151)
	at com.sun.proxy.$Proxy15.close(Unknown Source)
	at org.springframework.jdbc.datasource.DataSourceUtils.doCloseConnection(DataSourceUtils.java:341)
	at org.springframework.jdbc.datasource.DataSourceUtils.doReleaseConnection(DataSourceUtils.java:328)
	at org.springframework.jdbc.datasource.DataSourceUtils.releaseConnection(DataSourceUtils.java:294)
	at org.springframework.jdbc.datasource.DataSourceUtils$ConnectionSynchronization.beforeCompletion(DataSourceUtils.java:460)
	at org.springframework.transaction.support.TransactionSynchronizationUtils.triggerBeforeCompletion(TransactionSynchronizationUtils.java:106)
	at org.springframework.transaction.support.AbstractPlatformTransactionManager.triggerBeforeCompletion(AbstractPlatformTransactionManager.java:945)
	at org.springframework.transaction.support.AbstractPlatformTransactionManager.processCommit(AbstractPlatformTransactionManager.java:745)
	at org.springframework.transaction.support.AbstractPlatformTransactionManager.commit(AbstractPlatformTransactionManager.java:730)
	at org.springframework.transaction.interceptor.TransactionAspectSupport.commitTransactionAfterReturning(TransactionAspectSupport.java:504)
	at org.springframework.transaction.interceptor.TransactionAspectSupport.invokeWithinTransaction(TransactionAspectSupport.java:292)
	at org.springframework.transaction.interceptor.TransactionInterceptor.invoke(TransactionInterceptor.java:96)
	at org.springframework.aop.framework.ReflectiveMethodInvocation.proceed(ReflectiveMethodInvocation.java:179)
	at org.springframework.aop.framework.JdkDynamicAopProxy.invoke(JdkDynamicAopProxy.java:208)
	at com.sun.proxy.$Proxy12.transferMoney(Unknown Source)
	at com.spring.pack1.Main.main(Main.java:14)
18-08-07 09:39:07,000 [main] Error closing pending statement: 
java.lang.IllegalArgumentException: null source
	at java.util.EventObject.<init>(EventObject.java:56)
	at javax.sql.StatementEvent.<init>(StatementEvent.java:65)
	at com.mysql.jdbc.jdbc2.optional.JDBC4PreparedStatementWrapper.close(JDBC4PreparedStatementWrapper.java:70)
	at com.atomikos.jdbc.AbstractConnectionProxy.forceCloseAllPendingStatements(AbstractConnectionProxy.java:60)
	at com.atomikos.jdbc.AtomikosConnectionProxy.close(AtomikosConnectionProxy.java:221)
	at com.atomikos.jdbc.AtomikosConnectionProxy.invoke(AtomikosConnectionProxy.java:151)
	at com.sun.proxy.$Proxy15.close(Unknown Source)
	at org.springframework.jdbc.datasource.DataSourceUtils.doCloseConnection(DataSourceUtils.java:341)
	at org.springframework.jdbc.datasource.DataSourceUtils.doReleaseConnection(DataSourceUtils.java:328)
	at org.springframework.jdbc.datasource.DataSourceUtils.releaseConnection(DataSourceUtils.java:294)
	at org.springframework.jdbc.datasource.DataSourceUtils$ConnectionSynchronization.beforeCompletion(DataSourceUtils.java:460)
	at org.springframework.transaction.support.TransactionSynchronizationUtils.triggerBeforeCompletion(TransactionSynchronizationUtils.java:106)
	at org.springframework.transaction.support.AbstractPlatformTransactionManager.triggerBeforeCompletion(AbstractPlatformTransactionManager.java:945)
	at org.springframework.transaction.support.AbstractPlatformTransactionManager.processCommit(AbstractPlatformTransactionManager.java:745)
	at org.springframework.transaction.support.AbstractPlatformTransactionManager.commit(AbstractPlatformTransactionManager.java:730)
	at org.springframework.transaction.interceptor.TransactionAspectSupport.commitTransactionAfterReturning(TransactionAspectSupport.java:504)
	at org.springframework.transaction.interceptor.TransactionAspectSupport.invokeWithinTransaction(TransactionAspectSupport.java:292)
	at org.springframework.transaction.interceptor.TransactionInterceptor.invoke(TransactionInterceptor.java:96)
	at org.springframework.aop.framework.ReflectiveMethodInvocation.proceed(ReflectiveMethodInvocation.java:179)
	at org.springframework.aop.framework.JdkDynamicAopProxy.invoke(JdkDynamicAopProxy.java:208)
	at com.sun.proxy.$Proxy12.transferMoney(Unknown Source)
	at com.spring.pack1.Main.main(Main.java:14)
